<?xml version="1.0" encoding="UTF-8"?>
<!-- Generated by org.testng.reporters.JUnitXMLReporter -->
<testsuite ignored="0" hostname="Admins-MacBook-Pro-2.local" failures="0" tests="5" name="Default test" time="48.057" errors="0" timestamp="2026-05-10T10:47:25 EEST">
  <testcase classname="orangehrmlive.TestLogin" name="ForgotPassword" time="3.496"/>
  <testcase classname="orangehrmlive.TestLogin" name="OrangeHRMIncLink" time="3.792"/>
  <testcase classname="orangehrmlive.TestLogin" name="emptyLogin" time="3.202"/>
  <testcase classname="orangehrmlive.TestLogin" name="invalidLogin" time="6.388"/>
  <testcase classname="orangehrmlive.TestLogin" name="validLogin" time="7.189"/>
</testsuite> <!-- Default test -->
