<?xml version="1.0" encoding="UTF-8"?>
<!-- Generated by org.testng.reporters.JUnitXMLReporter -->
<testsuite ignored="0" hostname="Admins-MacBook-Pro-2.local" failures="0" tests="3" name="Default test" time="64.935" errors="0" timestamp="2026-05-13T14:14:56 EEST">
  <testcase classname="orangehrmlive.TestSearchByJob" name="cancelAdd" time="7.294"/>
  <testcase classname="orangehrmlive.TestSearchByJob" name="validSearchFound" time="7.173"/>
  <testcase classname="orangehrmlive.TestSearchByJob" name="validSearchNotFound" time="7.185"/>
</testsuite> <!-- Default test -->
