<?xml version="1.0" encoding="UTF-8"?>
<testng-results ignored="0" total="4" passed="3" failed="1" skipped="0">
  <reporter-output>
  </reporter-output>
  <suite started-at="2026-05-12T11:22:24 EEST" name="Default suite" finished-at="2026-05-12T11:25:07 EEST" duration-ms="162530">
    <groups>
    </groups>
    <test started-at="2026-05-12T11:22:24 EEST" name="Default test" finished-at="2026-05-12T11:25:07 EEST" duration-ms="162530">
      <class name="orangehrmlive.TestAddUser">
        <test-method is-config="true" signature="openBrowser()[pri:0, instance:orangehrmlive.TestAddUser@1bc53649]" started-at="2026-05-12T11:22:24 EEST" name="openBrowser" finished-at="2026-05-12T11:22:55 EEST" duration-ms="30671" status="PASS">
          <reporter-output>
          </reporter-output>
        </test-method> <!-- openBrowser -->
        <test-method signature="cancelAdd()[pri:0, instance:orangehrmlive.TestAddUser@1bc53649]" started-at="2026-05-12T11:22:55 EEST" name="cancelAdd" finished-at="2026-05-12T11:22:58 EEST" duration-ms="2870" status="PASS">
          <reporter-output>
          </reporter-output>
        </test-method> <!-- cancelAdd -->
        <test-method is-config="true" signature="tearDown()[pri:0, instance:orangehrmlive.TestAddUser@1bc53649]" started-at="2026-05-12T11:22:58 EEST" name="tearDown" finished-at="2026-05-12T11:23:01 EEST" duration-ms="2794" status="PASS">
          <reporter-output>
          </reporter-output>
        </test-method> <!-- tearDown -->
        <test-method is-config="true" signature="openBrowser()[pri:0, instance:orangehrmlive.TestAddUser@1bc53649]" started-at="2026-05-12T11:23:01 EEST" name="openBrowser" finished-at="2026-05-12T11:23:28 EEST" duration-ms="26932" status="PASS">
          <reporter-output>
          </reporter-output>
        </test-method> <!-- openBrowser -->
        <test-method signature="emptyAdd()[pri:0, instance:orangehrmlive.TestAddUser@1bc53649]" started-at="2026-05-12T11:23:28 EEST" name="emptyAdd" finished-at="2026-05-12T11:23:35 EEST" duration-ms="7099" status="PASS">
          <reporter-output>
          </reporter-output>
        </test-method> <!-- emptyAdd -->
        <test-method is-config="true" signature="tearDown()[pri:0, instance:orangehrmlive.TestAddUser@1bc53649]" started-at="2026-05-12T11:23:35 EEST" name="tearDown" finished-at="2026-05-12T11:23:38 EEST" duration-ms="2740" status="PASS">
          <reporter-output>
          </reporter-output>
        </test-method> <!-- tearDown -->
        <test-method is-config="true" signature="openBrowser()[pri:0, instance:orangehrmlive.TestAddUser@1bc53649]" started-at="2026-05-12T11:23:38 EEST" name="openBrowser" finished-at="2026-05-12T11:24:12 EEST" duration-ms="34129" status="PASS">
          <reporter-output>
          </reporter-output>
        </test-method> <!-- openBrowser -->
        <test-method signature="invalidAdd()[pri:0, instance:orangehrmlive.TestAddUser@1bc53649]" started-at="2026-05-12T11:24:12 EEST" name="invalidAdd" finished-at="2026-05-12T11:24:15 EEST" duration-ms="3320" status="PASS">
          <reporter-output>
          </reporter-output>
        </test-method> <!-- invalidAdd -->
        <test-method is-config="true" signature="tearDown()[pri:0, instance:orangehrmlive.TestAddUser@1bc53649]" started-at="2026-05-12T11:24:15 EEST" name="tearDown" finished-at="2026-05-12T11:24:16 EEST" duration-ms="1081" status="PASS">
          <reporter-output>
          </reporter-output>
        </test-method> <!-- tearDown -->
        <test-method is-config="true" signature="openBrowser()[pri:0, instance:orangehrmlive.TestAddUser@1bc53649]" started-at="2026-05-12T11:24:16 EEST" name="openBrowser" finished-at="2026-05-12T11:24:49 EEST" duration-ms="33061" status="PASS">
          <reporter-output>
          </reporter-output>
        </test-method> <!-- openBrowser -->
        <test-method signature="validLogin()[pri:0, instance:orangehrmlive.TestAddUser@1bc53649]" started-at="2026-05-12T11:24:49 EEST" name="validLogin" finished-at="2026-05-12T11:25:07 EEST" duration-ms="17584" status="FAIL">
          <exception class="org.openqa.selenium.NoSuchElementException">
            <message>
              <![CDATA[no such element: Unable to locate element: {"method":"xpath","selector":"//div[text()='maysam2']"}
  (Session info: chrome=148.0.7778.96)
For documentation on this error, please visit: https://www.selenium.dev/documentation/webdriver/troubleshooting/errors#no-such-element-exception
Build info: version: '4.23.0', revision: '4df0a231af'
System info: os.name: 'Mac OS X', os.arch: 'x86_64', os.version: '26.3.1', java.version: '21.0.8'
Driver info: org.openqa.selenium.chrome.ChromeDriver
Command: [c30500b67d5d3b82357d16c0197aabc4, findElement {using=xpath, value=//div[text()='maysam2']}]
Capabilities {acceptInsecureCerts: false, browserName: chrome, browserVersion: 148.0.7778.96, chrome: {chromedriverVersion: 148.0.7778.97 (6b3fa66a923a..., userDataDir: /var/folders/sl/15v965y142g...}, fedcm:accounts: true, goog:chromeOptions: {debuggerAddress: localhost:52126}, goog:processID: 3458, networkConnectionEnabled: false, pageLoadStrategy: normal, platformName: mac, proxy: Proxy(), se:cdp: ws://localhost:52126/devtoo..., se:cdpVersion: 148.0.7778.96, setWindowRect: true, strictFileInteractability: false, timeouts: {implicit: 0, pageLoad: 300000, script: 30000}, unhandledPromptBehavior: dismiss and notify, webauthn:extension:credBlob: true, webauthn:extension:largeBlob: true, webauthn:extension:minPinLength: true, webauthn:extension:prf: true, webauthn:virtualAuthenticators: true}
Session ID: c30500b67d5d3b82357d16c0197aabc4]]>
            </message>
            <full-stacktrace>
              <![CDATA[org.openqa.selenium.NoSuchElementException: no such element: Unable to locate element: {"method":"xpath","selector":"//div[text()='maysam2']"}
  (Session info: chrome=148.0.7778.96)
For documentation on this error, please visit: https://www.selenium.dev/documentation/webdriver/troubleshooting/errors#no-such-element-exception
Build info: version: '4.23.0', revision: '4df0a231af'
System info: os.name: 'Mac OS X', os.arch: 'x86_64', os.version: '26.3.1', java.version: '21.0.8'
Driver info: org.openqa.selenium.chrome.ChromeDriver
Command: [c30500b67d5d3b82357d16c0197aabc4, findElement {using=xpath, value=//div[text()='maysam2']}]
Capabilities {acceptInsecureCerts: false, browserName: chrome, browserVersion: 148.0.7778.96, chrome: {chromedriverVersion: 148.0.7778.97 (6b3fa66a923a..., userDataDir: /var/folders/sl/15v965y142g...}, fedcm:accounts: true, goog:chromeOptions: {debuggerAddress: localhost:52126}, goog:processID: 3458, networkConnectionEnabled: false, pageLoadStrategy: normal, platformName: mac, proxy: Proxy(), se:cdp: ws://localhost:52126/devtoo..., se:cdpVersion: 148.0.7778.96, setWindowRect: true, strictFileInteractability: false, timeouts: {implicit: 0, pageLoad: 300000, script: 30000}, unhandledPromptBehavior: dismiss and notify, webauthn:extension:credBlob: true, webauthn:extension:largeBlob: true, webauthn:extension:minPinLength: true, webauthn:extension:prf: true, webauthn:virtualAuthenticators: true}
Session ID: c30500b67d5d3b82357d16c0197aabc4
at java.base/jdk.internal.reflect.DirectConstructorHandleAccessor.newInstance(DirectConstructorHandleAccessor.java:62)
at java.base/java.lang.reflect.Constructor.newInstanceWithCaller(Constructor.java:502)
at java.base/java.lang.reflect.Constructor.newInstance(Constructor.java:486)
at org.openqa.selenium.remote.ErrorCodec.decode(ErrorCodec.java:167)
at org.openqa.selenium.remote.codec.w3c.W3CHttpResponseCodec.decode(W3CHttpResponseCodec.java:138)
at org.openqa.selenium.remote.codec.w3c.W3CHttpResponseCodec.decode(W3CHttpResponseCodec.java:50)
at org.openqa.selenium.remote.HttpCommandExecutor.execute(HttpCommandExecutor.java:190)
at org.openqa.selenium.remote.service.DriverCommandExecutor.invokeExecute(DriverCommandExecutor.java:216)
at org.openqa.selenium.remote.service.DriverCommandExecutor.execute(DriverCommandExecutor.java:174)
at org.openqa.selenium.remote.RemoteWebDriver.execute(RemoteWebDriver.java:527)
at org.openqa.selenium.remote.ElementLocation$ElementFinder$2.findElement(ElementLocation.java:165)
at org.openqa.selenium.remote.ElementLocation.findElement(ElementLocation.java:59)
at org.openqa.selenium.remote.RemoteWebDriver.findElement(RemoteWebDriver.java:357)
at org.openqa.selenium.remote.RemoteWebDriver.findElement(RemoteWebDriver.java:351)
at orangehrmlive.TestAddUser.validLogin(TestAddUser.java:54)
at java.base/jdk.internal.reflect.DirectMethodHandleAccessor.invoke(DirectMethodHandleAccessor.java:103)
at java.base/java.lang.reflect.Method.invoke(Method.java:580)
at org.testng.internal.invokers.MethodInvocationHelper.invokeMethod(MethodInvocationHelper.java:141)
at org.testng.internal.invokers.TestInvoker.invokeMethod(TestInvoker.java:686)
at org.testng.internal.invokers.TestInvoker.invokeTestMethod(TestInvoker.java:230)
at org.testng.internal.invokers.MethodRunner.runInSequence(MethodRunner.java:63)
at org.testng.internal.invokers.TestInvoker$MethodInvocationAgent.invoke(TestInvoker.java:992)
at org.testng.internal.invokers.TestInvoker.invokeTestMethods(TestInvoker.java:203)
at org.testng.internal.invokers.TestMethodWorker.invokeTestMethods(TestMethodWorker.java:154)
at org.testng.internal.invokers.TestMethodWorker.run(TestMethodWorker.java:134)
at java.base/java.util.ArrayList.forEach(ArrayList.java:1596)
at org.testng.TestRunner.privateRun(TestRunner.java:739)
at org.testng.TestRunner.run(TestRunner.java:614)
at org.testng.SuiteRunner.runTest(SuiteRunner.java:421)
at org.testng.SuiteRunner.runSequentially(SuiteRunner.java:413)
at org.testng.SuiteRunner.privateRun(SuiteRunner.java:373)
at org.testng.SuiteRunner.run(SuiteRunner.java:312)
at org.testng.SuiteRunnerWorker.runSuite(SuiteRunnerWorker.java:52)
at org.testng.SuiteRunnerWorker.run(SuiteRunnerWorker.java:95)
at org.testng.TestNG.runSuitesSequentially(TestNG.java:1274)
at org.testng.TestNG.runSuitesLocally(TestNG.java:1208)
at org.testng.TestNG.runSuites(TestNG.java:1112)
at org.testng.TestNG.run(TestNG.java:1079)
at org.testng.remote.AbstractRemoteTestNG.run(AbstractRemoteTestNG.java:115)
at org.testng.remote.RemoteTestNG.initAndRun(RemoteTestNG.java:293)
at org.testng.remote.RemoteTestNG.main(RemoteTestNG.java:91)
]]>
            </full-stacktrace>
          </exception> <!-- org.openqa.selenium.NoSuchElementException -->
          <reporter-output>
          </reporter-output>
        </test-method> <!-- validLogin -->
        <test-method is-config="true" signature="tearDown()[pri:0, instance:orangehrmlive.TestAddUser@1bc53649]" started-at="2026-05-12T11:25:07 EEST" name="tearDown" finished-at="2026-05-12T11:25:07 EEST" duration-ms="185" status="PASS">
          <reporter-output>
          </reporter-output>
        </test-method> <!-- tearDown -->
      </class> <!-- orangehrmlive.TestAddUser -->
    </test> <!-- Default test -->
  </suite> <!-- Default suite -->
</testng-results>
