<?xml version="1.0" encoding="UTF-8"?>
<!-- Generated by org.testng.reporters.JUnitReportReporter -->
<testsuite hostname="Admins-MacBook-Pro-2.local" failures="0" tests="2" name="orangehrmlive.EditUserDataTest" time="83.749" errors="0" timestamp="2026-05-14T10:39:31 EEST" skipped="0">
  <testcase classname="orangehrmlive.EditUserDataTest" name="validEditDataUser" time="47.197"/>
  <testcase classname="orangehrmlive.EditUserDataTest" name="cancelEdit" time="36.552"/>
</testsuite> <!-- orangehrmlive.EditUserDataTest -->
