<?xml version="1.0" encoding="UTF-8"?>
<!-- Generated by org.testng.reporters.JUnitReportReporter -->
<testsuite hostname="Admins-MacBook-Pro-2.local" failures="0" tests="5" name="orangehrmlive.LoginTestDataProviders" time="90.706" errors="0" timestamp="2026-05-14T15:19:41 EEST" skipped="0">
  <testcase classname="orangehrmlive.LoginTestDataProviders" name="validLogin" time="17.702"/>
  <testcase classname="orangehrmlive.LoginTestDataProviders" name="validLogin" time="16.990"/>
  <testcase classname="orangehrmlive.LoginTestDataProviders" name="validLogin" time="18.594"/>
  <testcase classname="orangehrmlive.LoginTestDataProviders" name="validLogin" time="18.127"/>
  <testcase classname="orangehrmlive.LoginTestDataProviders" name="validLogin" time="19.293"/>
</testsuite> <!-- orangehrmlive.LoginTestDataProviders -->
