<?xml version="1.0" encoding="UTF-8"?>
<!-- Generated by org.testng.reporters.JUnitReportReporter -->
<testsuite hostname="Admins-MacBook-Pro-2.local" failures="0" tests="7" name="orangehrmlive.TestAddUser" time="179.754" errors="0" timestamp="2026-05-12T13:45:26 EEST" skipped="0">
  <testcase classname="orangehrmlive.TestAddUser" name="emptyAdd" time="23.030"/>
  <testcase classname="orangehrmlive.TestAddUser" name="cancelAdd" time="18.706"/>
  <testcase classname="orangehrmlive.TestAddUser" name="validadded" time="38.665"/>
  <testcase classname="orangehrmlive.TestAddUser" name="invalidAdd" time="19.950"/>
  <testcase classname="orangehrmlive.TestAddUser" name="userNameAlreadyExists" time="28.385"/>
  <testcase classname="orangehrmlive.TestAddUser" name="UsernameLessthan5characters" time="24.904"/>
  <testcase classname="orangehrmlive.TestAddUser" name="PasswordsDoNotMatch" time="26.114"/>
</testsuite> <!-- orangehrmlive.TestAddUser -->
