<?xml version="1.0" encoding="UTF-8"?>
<!-- Generated by org.testng.reporters.JUnitReportReporter -->
<testsuite hostname="Admins-MacBook-Pro-2.local" failures="0" tests="5" name="orangehrmlive.TestLogin" time="47.980" errors="0" timestamp="2026-05-10T10:47:25 EEST" skipped="0">
  <testcase classname="orangehrmlive.TestLogin" name="ForgotPassword" time="7.631"/>
  <testcase classname="orangehrmlive.TestLogin" name="validLogin" time="11.503"/>
  <testcase classname="orangehrmlive.TestLogin" name="invalidLogin" time="10.989"/>
  <testcase classname="orangehrmlive.TestLogin" name="OrangeHRMIncLink" time="8.288"/>
  <testcase classname="orangehrmlive.TestLogin" name="emptyLogin" time="9.569"/>
</testsuite> <!-- orangehrmlive.TestLogin -->
