<?xml version="1.0" encoding="UTF-8"?>
<!-- Generated by org.testng.reporters.JUnitReportReporter -->
<testsuite hostname="Admins-MacBook-Pro-2.local" failures="0" tests="3" name="orangehrmlive.TestSearchByJob" time="53.693" errors="0" timestamp="2026-05-13T14:14:56 EEST" skipped="0">
  <testcase classname="orangehrmlive.TestSearchByJob" name="validSearchNotFound" time="17.958"/>
  <testcase classname="orangehrmlive.TestSearchByJob" name="validSearchFound" time="17.788"/>
  <testcase classname="orangehrmlive.TestSearchByJob" name="cancelAdd" time="17.947"/>
</testsuite> <!-- orangehrmlive.TestSearchByJob -->
